# gmm-align-compiled --transition-scale=1.0 --acoustic-scale=0.1 --self-loop-scale=0.1 --beam=10 --retry-beam=40 --careful=false "gmm-boost-silence --boost=1.0 1 exp/mono0a/29.mdl - |" "ark:gunzip -c exp/mono0a/fsts.1.gz|" "ark,s,cs:apply-cmvn  --utt2spk=ark:data/train_yesno//split1/1/utt2spk scp:data/train_yesno//split1/1/cmvn.scp scp:data/train_yesno//split1/1/feats.scp ark:- | add-deltas  ark:- ark:- |" "ark,t:|gzip -c >exp/mono0a/ali.1.gz" 
# Started at Wed Sep 19 19:58:44 EDT 2018
#
gmm-align-compiled --transition-scale=1.0 --acoustic-scale=0.1 --self-loop-scale=0.1 --beam=10 --retry-beam=40 --careful=false 'gmm-boost-silence --boost=1.0 1 exp/mono0a/29.mdl - |' 'ark:gunzip -c exp/mono0a/fsts.1.gz|' 'ark,s,cs:apply-cmvn  --utt2spk=ark:data/train_yesno//split1/1/utt2spk scp:data/train_yesno//split1/1/cmvn.scp scp:data/train_yesno//split1/1/feats.scp ark:- | add-deltas  ark:- ark:- |' 'ark,t:|gzip -c >exp/mono0a/ali.1.gz' 
gmm-boost-silence --boost=1.0 1 exp/mono0a/29.mdl - 
LOG (gmm-boost-silence[5.5.26~1-c8e4]:main():gmm-boost-silence.cc:93) Boosted weights for 5 pdfs, by factor of 1
LOG (gmm-boost-silence[5.5.26~1-c8e4]:main():gmm-boost-silence.cc:103) Wrote model to -
apply-cmvn --utt2spk=ark:data/train_yesno//split1/1/utt2spk scp:data/train_yesno//split1/1/cmvn.scp scp:data/train_yesno//split1/1/feats.scp ark:- 
add-deltas ark:- ark:- 
LOG (gmm-align-compiled[5.5.26~1-c8e4]:main():gmm-align-compiled.cc:127) 0_0_0_0_1_1_1_1
LOG (gmm-align-compiled[5.5.26~1-c8e4]:main():gmm-align-compiled.cc:127) 0_0_0_1_0_0_0_1
LOG (gmm-align-compiled[5.5.26~1-c8e4]:main():gmm-align-compiled.cc:127) 0_0_0_1_0_1_1_0
LOG (gmm-align-compiled[5.5.26~1-c8e4]:main():gmm-align-compiled.cc:127) 0_0_1_0_0_0_1_0
LOG (gmm-align-compiled[5.5.26~1-c8e4]:main():gmm-align-compiled.cc:127) 0_0_1_0_0_1_1_0
LOG (gmm-align-compiled[5.5.26~1-c8e4]:main():gmm-align-compiled.cc:127) 0_0_1_0_0_1_1_1
LOG (gmm-align-compiled[5.5.26~1-c8e4]:main():gmm-align-compiled.cc:127) 0_0_1_0_1_0_0_0
LOG (gmm-align-compiled[5.5.26~1-c8e4]:main():gmm-align-compiled.cc:127) 0_0_1_0_1_0_0_1
LOG (gmm-align-compiled[5.5.26~1-c8e4]:main():gmm-align-compiled.cc:127) 0_0_1_0_1_0_1_1
LOG (gmm-align-compiled[5.5.26~1-c8e4]:main():gmm-align-compiled.cc:127) 0_0_1_1_0_0_0_1
LOG (gmm-align-compiled[5.5.26~1-c8e4]:main():gmm-align-compiled.cc:127) 0_0_1_1_0_1_0_0
LOG (gmm-align-compiled[5.5.26~1-c8e4]:main():gmm-align-compiled.cc:127) 0_0_1_1_0_1_1_0
LOG (gmm-align-compiled[5.5.26~1-c8e4]:main():gmm-align-compiled.cc:127) 0_0_1_1_0_1_1_1
LOG (gmm-align-compiled[5.5.26~1-c8e4]:main():gmm-align-compiled.cc:127) 0_0_1_1_1_0_0_0
LOG (gmm-align-compiled[5.5.26~1-c8e4]:main():gmm-align-compiled.cc:127) 0_0_1_1_1_0_0_1
LOG (gmm-align-compiled[5.5.26~1-c8e4]:main():gmm-align-compiled.cc:127) 0_0_1_1_1_1_0_0
LOG (gmm-align-compiled[5.5.26~1-c8e4]:main():gmm-align-compiled.cc:127) 0_0_1_1_1_1_1_0
LOG (gmm-align-compiled[5.5.26~1-c8e4]:main():gmm-align-compiled.cc:127) 0_1_0_0_0_1_0_0
LOG (gmm-align-compiled[5.5.26~1-c8e4]:main():gmm-align-compiled.cc:127) 0_1_0_0_0_1_1_0
LOG (gmm-align-compiled[5.5.26~1-c8e4]:main():gmm-align-compiled.cc:127) 0_1_0_0_1_0_1_0
LOG (gmm-align-compiled[5.5.26~1-c8e4]:main():gmm-align-compiled.cc:127) 0_1_0_0_1_0_1_1
LOG (gmm-align-compiled[5.5.26~1-c8e4]:main():gmm-align-compiled.cc:127) 0_1_0_1_0_0_0_0
LOG (gmm-align-compiled[5.5.26~1-c8e4]:main():gmm-align-compiled.cc:127) 0_1_0_1_1_0_1_0
LOG (gmm-align-compiled[5.5.26~1-c8e4]:main():gmm-align-compiled.cc:127) 0_1_0_1_1_1_0_0
LOG (gmm-align-compiled[5.5.26~1-c8e4]:main():gmm-align-compiled.cc:127) 0_1_1_0_0_1_1_0
LOG (gmm-align-compiled[5.5.26~1-c8e4]:main():gmm-align-compiled.cc:127) 0_1_1_0_0_1_1_1
LOG (gmm-align-compiled[5.5.26~1-c8e4]:main():gmm-align-compiled.cc:127) 0_1_1_1_0_0_0_0
LOG (apply-cmvn[5.5.26~1-c8e4]:main():apply-cmvn.cc:162) Applied cepstral mean normalization to 31 utterances, errors on 0
LOG (gmm-align-compiled[5.5.26~1-c8e4]:main():gmm-align-compiled.cc:127) 0_1_1_1_0_0_1_0
LOG (gmm-align-compiled[5.5.26~1-c8e4]:main():gmm-align-compiled.cc:127) 0_1_1_1_0_1_0_1
LOG (gmm-align-compiled[5.5.26~1-c8e4]:main():gmm-align-compiled.cc:127) 0_1_1_1_1_0_1_0
LOG (gmm-align-compiled[5.5.26~1-c8e4]:main():gmm-align-compiled.cc:127) 0_1_1_1_1_1_1_1
LOG (gmm-align-compiled[5.5.26~1-c8e4]:main():gmm-align-compiled.cc:135) Overall log-likelihood per frame is -82.508 over 18996 frames.
LOG (gmm-align-compiled[5.5.26~1-c8e4]:main():gmm-align-compiled.cc:137) Retried 0 out of 31 utterances.
LOG (gmm-align-compiled[5.5.26~1-c8e4]:main():gmm-align-compiled.cc:139) Done 31, errors on 0
# Accounting: time=1 threads=1
# Ended (code 0) at Wed Sep 19 19:58:45 EDT 2018, elapsed time 1 seconds
