# gmm-est --write-occs=exp/mono0a/2.occs --mix-up=11 --power=0.25 exp/mono0a/1.mdl "gmm-sum-accs - exp/mono0a/1.*.acc|" exp/mono0a/2.mdl 
# Started at Wed Sep 19 19:58:34 EDT 2018
#
gmm-est --write-occs=exp/mono0a/2.occs --mix-up=11 --power=0.25 exp/mono0a/1.mdl 'gmm-sum-accs - exp/mono0a/1.*.acc|' exp/mono0a/2.mdl 
gmm-sum-accs - exp/mono0a/1.1.acc 
LOG (gmm-sum-accs[5.5.26~1-c8e4]:main():gmm-sum-accs.cc:63) Summed 1 stats, total count 18996, avg like/frame -98.3923
LOG (gmm-sum-accs[5.5.26~1-c8e4]:main():gmm-sum-accs.cc:66) Total count of stats is 18996
LOG (gmm-sum-accs[5.5.26~1-c8e4]:main():gmm-sum-accs.cc:67) Written stats to -
LOG (gmm-est[5.5.26~1-c8e4]:MleUpdate():transition-model.cc:517) TransitionModel::Update, objf change is 0.0313364 per frame over 18996 frames. 
LOG (gmm-est[5.5.26~1-c8e4]:MleUpdate():transition-model.cc:520) 6 probabilities floored, 0 out of 11 transition-states skipped due to insuffient data (it is normal to have some skipped.)
LOG (gmm-est[5.5.26~1-c8e4]:main():gmm-est.cc:102) Transition model update: Overall 0.0313364 log-like improvement per frame over 18996 frames.
WARNING (gmm-est[5.5.26~1-c8e4]:MleDiagGmmUpdate():mle-diag-gmm.cc:365) Gaussian has too little data but not removing it because it is the last Gaussian: i = 0, occ = 7, weight = 1
LOG (gmm-est[5.5.26~1-c8e4]:MleAmDiagGmmUpdate():mle-am-diag-gmm.cc:225) 0 variance elements floored in 0 Gaussians, out of 11
LOG (gmm-est[5.5.26~1-c8e4]:MleAmDiagGmmUpdate():mle-am-diag-gmm.cc:229) Removed 0 Gaussians due to counts < --min-gaussian-occupancy=10 and --remove-low-count-gaussians=true
LOG (gmm-est[5.5.26~1-c8e4]:main():gmm-est.cc:113) GMM update: Overall 3.17994 objective function improvement per frame over 18996 frames
LOG (gmm-est[5.5.26~1-c8e4]:main():gmm-est.cc:116) GMM update: Overall avg like per frame = -98.3923 over 18996 frames.
LOG (gmm-est[5.5.26~1-c8e4]:SplitByCount():am-diag-gmm.cc:116) Split 11 states with target = 11, power = 0.25, perturb_factor = 0.01 and min_count = 20, split #Gauss from 11 to 11
LOG (gmm-est[5.5.26~1-c8e4]:main():gmm-est.cc:146) Written model to exp/mono0a/2.mdl
# Accounting: time=0 threads=1
# Ended (code 0) at Wed Sep 19 19:58:34 EDT 2018, elapsed time 0 seconds
